2015-11-01 15:26:13,108 [main] INFO  ArduinoEsploraControlerAPI - About to create COM Port Identifier...
2015-11-01 15:26:13,273 [main] INFO  ArduinoEsploraControlerAPI - About to Open the COM Port...
2015-11-01 15:26:13,310 [main] INFO  ArduinoEsploraControlerAPI - Setting up COM Port Parameters...
2015-11-01 15:26:13,321 [main] INFO  ArduinoEsploraControlerAPI - Creating Input Stream to Read data from COM Port...
2015-11-01 15:26:13,322 [main] INFO  ArduinoEsploraControlerAPI - Creating PORT Handler...
2015-11-01 15:26:13,323 [main] INFO  ArduinoEsploraControlerAPI - Adding PORT Event Listeners...
2015-11-01 15:26:13,323 [main] INFO  ArduinoEsploraControlerAPI - Started Listening to Event on COM Port...
2015-11-01 15:26:17,623 [Thread-0] INFO  ArduinoPortRequestHandler - Recived Message from COM Port :1
2015-11-01 15:26:19,427 [Thread-0] INFO  ArduinoPortRequestHandler - Recived Message from COM Port :1
2015-11-01 15:26:20,630 [Thread-0] INFO  ArduinoPortRequestHandler - Recived Message from COM Port :1
2015-11-01 15:26:22,133 [Thread-0] INFO  ArduinoPortRequestHandler - Recived Message from COM Port :1
2015-11-01 15:26:25,849 [Thread-0] INFO  ArduinoPortRequestHandler - Recived Message from COM Port :1
2015-11-01 15:26:27,353 [Thread-0] INFO  ArduinoPortRequestHandler - Recived Message from COM Port :1
2015-11-01 15:26:27,354 [Thread-0] INFO  ArduinoPortRequestHandler - Recived Message from COM Port :1
2015-11-01 15:26:28,756 [Thread-0] INFO  ArduinoPortRequestHandler - Recived Message from COM Port :1
2015-11-01 15:26:34,584 [Thread-0] INFO  ArduinoPortRequestHandler - Recived Message from COM Port :1
2015-11-01 15:26:38,401 [Thread-0] INFO  ArduinoPortRequestHandler - Recived Message from COM Port :1
2015-11-01 15:26:40,005 [Thread-0] INFO  ArduinoPortRequestHandler - Recived Message from COM Port :1
2015-11-01 15:26:41,007 [Thread-0] INFO  ArduinoPortRequestHandler - Recived Message from COM Port :1
2015-11-01 15:26:42,007 [Thread-0] INFO  ArduinoPortRequestHandler - Recived Message from COM Port :1
2015-11-01 15:26:45,623 [Thread-0] INFO  ArduinoPortRequestHandler - Recived Message from COM Port :1
2015-11-01 15:26:46,624 [Thread-0] INFO  ArduinoPortRequestHandler - Recived Message from COM Port :1
2015-11-01 19:52:35,821 [pool-1-thread-1] INFO  ArduinoEsploraControlerAPI - About to create COM Port Identifier...
2015-11-01 19:53:03,004 [pool-1-thread-1] INFO  ArduinoEsploraControlerAPI - About to create COM Port Identifier...
2015-11-01 19:53:03,169 [pool-1-thread-1] INFO  ArduinoEsploraControlerAPI - About to Open the COM Port...
2015-11-01 19:53:03,208 [pool-1-thread-1] INFO  ArduinoEsploraControlerAPI - Setting up COM Port Parameters...
2015-11-01 19:53:03,219 [pool-1-thread-1] INFO  ArduinoEsploraControlerAPI - Creating Input Stream to Read data from COM Port...
2015-11-01 19:53:03,220 [pool-1-thread-1] INFO  ArduinoEsploraControlerAPI - Creating PORT Handler...
2015-11-01 19:53:03,222 [pool-1-thread-1] INFO  ArduinoEsploraControlerAPI - Adding PORT Event Listeners...
2015-11-01 19:53:03,222 [pool-1-thread-1] INFO  ArduinoEsploraControlerAPI - Started Listening to Event on COM Port...
2015-11-01 19:53:29,000 [pool-1-thread-1] INFO  ArduinoEsploraControlerAPI - About to create COM Port Identifier...
2015-11-01 19:53:29,167 [pool-1-thread-1] INFO  ArduinoEsploraControlerAPI - About to Open the COM Port...
2015-11-01 19:53:29,201 [pool-1-thread-1] INFO  ArduinoEsploraControlerAPI - Setting up COM Port Parameters...
2015-11-01 19:53:29,212 [pool-1-thread-1] INFO  ArduinoEsploraControlerAPI - Creating Input Stream to Read data from COM Port...
2015-11-01 19:53:29,212 [pool-1-thread-1] INFO  ArduinoEsploraControlerAPI - Creating PORT Handler...
2015-11-01 19:53:29,213 [pool-1-thread-1] INFO  ArduinoEsploraControlerAPI - Adding PORT Event Listeners...
2015-11-01 19:53:29,213 [pool-1-thread-1] INFO  ArduinoEsploraControlerAPI - Started Listening to Event on COM Port...
2015-11-01 19:53:33,915 [Thread-0] INFO  ArduinoPortRequestHandler - Recived Message from COM Port :1
2015-11-01 19:53:36,221 [Thread-0] INFO  ArduinoPortRequestHandler - Recived Message from COM Port :1
2015-11-01 19:53:37,222 [Thread-0] INFO  ArduinoPortRequestHandler - Recived Message from COM Port :1
2015-11-01 19:53:38,323 [Thread-0] INFO  ArduinoPortRequestHandler - Recived Message from COM Port :1
2015-11-01 19:54:55,587 [pool-1-thread-1] INFO  ArduinoEsploraControlerAPI - About to create COM Port Identifier...
2015-11-01 19:54:55,753 [pool-1-thread-1] INFO  ArduinoEsploraControlerAPI - About to Open the COM Port...
2015-11-01 19:54:55,791 [pool-1-thread-1] INFO  ArduinoEsploraControlerAPI - Setting up COM Port Parameters...
2015-11-01 19:54:55,802 [pool-1-thread-1] INFO  ArduinoEsploraControlerAPI - Creating Input Stream to Read data from COM Port...
2015-11-01 19:54:55,803 [pool-1-thread-1] INFO  ArduinoEsploraControlerAPI - Creating PORT Handler...
2015-11-01 19:54:55,804 [pool-1-thread-1] INFO  ArduinoEsploraControlerAPI - Adding PORT Event Listeners...
2015-11-01 19:54:55,805 [pool-1-thread-1] INFO  ArduinoEsploraControlerAPI - Started Listening to Event on COM Port...
2015-11-02 00:08:31,412 [pool-1-thread-1] INFO  ArduinoEsploraControlerAPI - About to create COM Port Identifier...
2015-11-02 00:08:31,580 [pool-1-thread-1] INFO  ArduinoEsploraControlerAPI - About to Open the COM Port...
2015-11-02 00:08:31,612 [pool-1-thread-1] INFO  ArduinoEsploraControlerAPI - Setting up COM Port Parameters...
2015-11-02 00:08:31,623 [pool-1-thread-1] INFO  ArduinoEsploraControlerAPI - Creating Input Stream to Read data from COM Port...
2015-11-02 00:08:31,623 [pool-1-thread-1] INFO  ArduinoEsploraControlerAPI - Creating PORT Handler...
2015-11-02 00:08:31,624 [pool-1-thread-1] INFO  ArduinoEsploraControlerAPI - Adding PORT Event Listeners...
2015-11-02 00:08:31,624 [pool-1-thread-1] INFO  ArduinoEsploraControlerAPI - Started Listening to Event on COM Port...
2015-11-02 00:08:39,755 [Thread-0] INFO  ArduinoPortRequestHandler - Recived Message from COM Port :1
2015-11-02 00:09:31,755 [pool-1-thread-1] INFO  ArduinoEsploraControlerAPI - About to create COM Port Identifier...
2015-11-02 00:09:31,923 [pool-1-thread-1] INFO  ArduinoEsploraControlerAPI - About to Open the COM Port...
2015-11-02 00:09:31,960 [pool-1-thread-1] INFO  ArduinoEsploraControlerAPI - Setting up COM Port Parameters...
2015-11-02 00:09:31,970 [pool-1-thread-1] INFO  ArduinoEsploraControlerAPI - Creating Input Stream to Read data from COM Port...
2015-11-02 00:09:31,971 [pool-1-thread-1] INFO  ArduinoEsploraControlerAPI - Creating PORT Handler...
2015-11-02 00:09:31,971 [pool-1-thread-1] INFO  ArduinoEsploraControlerAPI - Adding PORT Event Listeners...
2015-11-02 00:09:31,972 [pool-1-thread-1] INFO  ArduinoEsploraControlerAPI - Started Listening to Event on COM Port...
2015-11-02 00:10:20,202 [pool-1-thread-1] INFO  ArduinoEsploraControlerAPI - About to create COM Port Identifier...
2015-11-02 00:10:20,367 [pool-1-thread-1] INFO  ArduinoEsploraControlerAPI - About to Open the COM Port...
2015-11-02 00:10:20,406 [pool-1-thread-1] INFO  ArduinoEsploraControlerAPI - Setting up COM Port Parameters...
2015-11-02 00:10:20,417 [pool-1-thread-1] INFO  ArduinoEsploraControlerAPI - Creating Input Stream to Read data from COM Port...
2015-11-02 00:10:20,418 [pool-1-thread-1] INFO  ArduinoEsploraControlerAPI - Creating PORT Handler...
2015-11-02 00:10:20,419 [pool-1-thread-1] INFO  ArduinoEsploraControlerAPI - Adding PORT Event Listeners...
2015-11-02 00:10:20,419 [pool-1-thread-1] INFO  ArduinoEsploraControlerAPI - Started Listening to Event on COM Port...
2015-11-02 00:10:40,332 [pool-1-thread-1] INFO  ArduinoEsploraControlerAPI - About to create COM Port Identifier...
2015-11-02 00:10:40,500 [pool-1-thread-1] INFO  ArduinoEsploraControlerAPI - About to Open the COM Port...
2015-11-02 00:10:40,537 [pool-1-thread-1] INFO  ArduinoEsploraControlerAPI - Setting up COM Port Parameters...
2015-11-02 00:10:40,548 [pool-1-thread-1] INFO  ArduinoEsploraControlerAPI - Creating Input Stream to Read data from COM Port...
2015-11-02 00:10:40,548 [pool-1-thread-1] INFO  ArduinoEsploraControlerAPI - Creating PORT Handler...
2015-11-02 00:10:40,550 [pool-1-thread-1] INFO  ArduinoEsploraControlerAPI - Adding PORT Event Listeners...
2015-11-02 00:10:40,550 [pool-1-thread-1] INFO  ArduinoEsploraControlerAPI - Started Listening to Event on COM Port...
2015-11-02 00:10:56,566 [pool-1-thread-1] INFO  ArduinoEsploraControlerAPI - About to create COM Port Identifier...
2015-11-02 00:10:56,731 [pool-1-thread-1] INFO  ArduinoEsploraControlerAPI - About to Open the COM Port...
2015-11-02 00:10:56,769 [pool-1-thread-1] INFO  ArduinoEsploraControlerAPI - Setting up COM Port Parameters...
2015-11-02 00:10:56,780 [pool-1-thread-1] INFO  ArduinoEsploraControlerAPI - Creating Input Stream to Read data from COM Port...
2015-11-02 00:10:56,780 [pool-1-thread-1] INFO  ArduinoEsploraControlerAPI - Creating PORT Handler...
2015-11-02 00:10:56,781 [pool-1-thread-1] INFO  ArduinoEsploraControlerAPI - Adding PORT Event Listeners...
2015-11-02 00:10:56,781 [pool-1-thread-1] INFO  ArduinoEsploraControlerAPI - Started Listening to Event on COM Port...
2015-11-02 00:11:11,085 [pool-1-thread-1] INFO  ArduinoEsploraControlerAPI - About to create COM Port Identifier...
2015-11-02 00:11:11,252 [pool-1-thread-1] INFO  ArduinoEsploraControlerAPI - About to Open the COM Port...
2015-11-02 00:11:11,290 [pool-1-thread-1] INFO  ArduinoEsploraControlerAPI - Setting up COM Port Parameters...
2015-11-02 00:11:11,301 [pool-1-thread-1] INFO  ArduinoEsploraControlerAPI - Creating Input Stream to Read data from COM Port...
2015-11-02 00:11:11,301 [pool-1-thread-1] INFO  ArduinoEsploraControlerAPI - Creating PORT Handler...
2015-11-02 00:11:11,302 [pool-1-thread-1] INFO  ArduinoEsploraControlerAPI - Adding PORT Event Listeners...
2015-11-02 00:11:11,302 [pool-1-thread-1] INFO  ArduinoEsploraControlerAPI - Started Listening to Event on COM Port...
2015-11-02 00:12:40,881 [pool-1-thread-1] INFO  ArduinoEsploraControlerAPI - About to create COM Port Identifier...
2015-11-02 00:12:41,047 [pool-1-thread-1] INFO  ArduinoEsploraControlerAPI - About to Open the COM Port...
2015-11-02 00:12:41,084 [pool-1-thread-1] INFO  ArduinoEsploraControlerAPI - Setting up COM Port Parameters...
2015-11-02 00:12:41,095 [pool-1-thread-1] INFO  ArduinoEsploraControlerAPI - Creating Input Stream to Read data from COM Port...
2015-11-02 00:12:41,096 [pool-1-thread-1] INFO  ArduinoEsploraControlerAPI - Creating PORT Handler...
2015-11-02 00:12:41,097 [pool-1-thread-1] INFO  ArduinoEsploraControlerAPI - Adding PORT Event Listeners...
2015-11-02 00:12:41,097 [pool-1-thread-1] INFO  ArduinoEsploraControlerAPI - Started Listening to Event on COM Port...
2015-11-02 00:16:30,588 [pool-1-thread-1] INFO  ArduinoEsploraControlerAPI - About to create COM Port Identifier...
2015-11-02 00:16:30,753 [pool-1-thread-1] INFO  ArduinoEsploraControlerAPI - About to Open the COM Port...
2015-11-02 00:16:30,789 [pool-1-thread-1] INFO  ArduinoEsploraControlerAPI - Setting up COM Port Parameters...
2015-11-02 00:16:30,800 [pool-1-thread-1] INFO  ArduinoEsploraControlerAPI - Creating Input Stream to Read data from COM Port...
2015-11-02 00:16:30,801 [pool-1-thread-1] INFO  ArduinoEsploraControlerAPI - Creating PORT Handler...
2015-11-02 00:16:30,802 [pool-1-thread-1] INFO  ArduinoEsploraControlerAPI - Adding PORT Event Listeners...
2015-11-02 00:16:30,803 [pool-1-thread-1] INFO  ArduinoEsploraControlerAPI - Started Listening to Event on COM Port...
2015-11-02 00:17:22,829 [pool-1-thread-1] INFO  ArduinoEsploraControlerAPI - About to create COM Port Identifier...
2015-11-02 00:17:22,996 [pool-1-thread-1] INFO  ArduinoEsploraControlerAPI - About to Open the COM Port...
2015-11-02 00:17:23,035 [pool-1-thread-1] INFO  ArduinoEsploraControlerAPI - Setting up COM Port Parameters...
2015-11-02 00:17:23,046 [pool-1-thread-1] INFO  ArduinoEsploraControlerAPI - Creating Input Stream to Read data from COM Port...
2015-11-02 00:17:23,046 [pool-1-thread-1] INFO  ArduinoEsploraControlerAPI - Creating PORT Handler...
2015-11-02 00:17:23,047 [pool-1-thread-1] INFO  ArduinoEsploraControlerAPI - Adding PORT Event Listeners...
2015-11-02 00:17:23,048 [pool-1-thread-1] INFO  ArduinoEsploraControlerAPI - Started Listening to Event on COM Port...
2015-11-02 00:19:21,679 [pool-1-thread-1] INFO  ArduinoEsploraControlerAPI - About to create COM Port Identifier...
2015-11-02 00:19:21,843 [pool-1-thread-1] INFO  ArduinoEsploraControlerAPI - About to Open the COM Port...
2015-11-02 00:19:21,877 [pool-1-thread-1] INFO  ArduinoEsploraControlerAPI - Setting up COM Port Parameters...
2015-11-02 00:19:21,888 [pool-1-thread-1] INFO  ArduinoEsploraControlerAPI - Creating Input Stream to Read data from COM Port...
2015-11-02 00:19:21,888 [pool-1-thread-1] INFO  ArduinoEsploraControlerAPI - Creating PORT Handler...
2015-11-02 00:19:21,890 [pool-1-thread-1] INFO  ArduinoEsploraControlerAPI - Adding PORT Event Listeners...
2015-11-02 00:19:21,890 [pool-1-thread-1] INFO  ArduinoEsploraControlerAPI - Started Listening to Event on COM Port...
2015-11-02 00:19:24,752 [Thread-0] INFO  ArduinoPortRequestHandler - Recived Message from COM Port :1
2015-11-02 00:19:26,456 [Thread-0] INFO  ArduinoPortRequestHandler - Recived Message from COM Port :1
2015-11-02 00:19:27,658 [Thread-0] INFO  ArduinoPortRequestHandler - Recived Message from COM Port :1
2015-11-02 00:19:28,659 [Thread-0] INFO  ArduinoPortRequestHandler - Recived Message from COM Port :1
2015-11-02 00:19:30,364 [Thread-0] INFO  ArduinoPortRequestHandler - Recived Message from COM Port :1
2015-11-02 00:19:33,477 [Thread-0] INFO  ArduinoPortRequestHandler - Recived Message from COM Port :1
2015-11-02 00:19:34,578 [Thread-0] INFO  ArduinoPortRequestHandler - Recived Message from COM Port :1
2015-11-02 00:19:36,283 [Thread-0] INFO  ArduinoPortRequestHandler - Recived Message from COM Port :1
